<?xml version="1.0" encoding="UTF-8"?>
<testng-results ignored="0" total="2" passed="2" failed="0" skipped="0">
  <reporter-output>
  </reporter-output>
  <suite started-at="2022-10-13T02:18:30 SGT" name="Default suite" finished-at="2022-10-13T02:18:34 SGT" duration-ms="4599">
    <groups>
    </groups>
    <test started-at="2022-10-13T02:18:30 SGT" name="Default test" finished-at="2022-10-13T02:18:34 SGT" duration-ms="4599">
      <class name="com.digitalsignature.LoginWebTest">
        <test-method is-config="true" signature="beforeTest()[pri:0, instance:com.digitalsignature.LoginWebTest@7486b455]" started-at="2022-10-13T02:18:30 SGT" name="beforeTest" finished-at="2022-10-13T02:18:31 SGT" duration-ms="1006" status="PASS">
          <reporter-output>
          </reporter-output>
        </test-method> <!-- beforeTest -->
        <test-method signature="Login()[pri:0, instance:com.digitalsignature.LoginWebTest@7486b455]" started-at="2022-10-13T02:18:31 SGT" name="Login" finished-at="2022-10-13T02:18:34 SGT" duration-ms="3562" status="PASS">
          <reporter-output>
          </reporter-output>
        </test-method> <!-- Login -->
        <test-method is-config="true" signature="afterTest()[pri:0, instance:com.digitalsignature.LoginWebTest@7486b455]" started-at="2022-10-13T02:18:34 SGT" name="afterTest" finished-at="2022-10-13T02:18:34 SGT" duration-ms="0" status="PASS">
          <reporter-output>
          </reporter-output>
        </test-method> <!-- afterTest -->
      </class> <!-- com.digitalsignature.LoginWebTest -->
      <class name="com.digitalsignature.DigitalSignatureTest">
        <test-method is-config="true" signature="beforeTest()[pri:0, instance:com.digitalsignature.DigitalSignatureTest@69ee81fc]" started-at="2022-10-13T02:18:30 SGT" name="beforeTest" finished-at="2022-10-13T02:18:30 SGT" duration-ms="5" status="PASS">
          <reporter-output>
          </reporter-output>
        </test-method> <!-- beforeTest -->
        <test-method signature="f()[pri:0, instance:com.digitalsignature.DigitalSignatureTest@69ee81fc]" started-at="2022-10-13T02:18:34 SGT" name="f" finished-at="2022-10-13T02:18:34 SGT" duration-ms="1" status="PASS">
          <reporter-output>
          </reporter-output>
        </test-method> <!-- f -->
        <test-method is-config="true" signature="afterTest()[pri:0, instance:com.digitalsignature.DigitalSignatureTest@69ee81fc]" started-at="2022-10-13T02:18:34 SGT" name="afterTest" finished-at="2022-10-13T02:18:34 SGT" duration-ms="1" status="PASS">
          <reporter-output>
          </reporter-output>
        </test-method> <!-- afterTest -->
      </class> <!-- com.digitalsignature.DigitalSignatureTest -->
    </test> <!-- Default test -->
  </suite> <!-- Default suite -->
</testng-results>
